{"/Users/drkraft/Library/CloudStorage/Dropbox/work/2 - Areas/informatique/github/homelab/clawdbot/skills/basecamp-cli/src/lib/config.ts": {"path":"/Users/drkraft/Library/CloudStorage/Dropbox/work/2 - Areas/informatique/github/homelab/clawdbot/skills/basecamp-cli/src/lib/config.ts","statementMap":{"0":{"start":{"line":16,"column":20},"end":{"line":16,"column":null}},"1":{"start":{"line":17,"column":2},"end":{"line":17,"column":null}},"2":{"start":{"line":26,"column":13},"end":{"line":26,"column":null}},"3":{"start":{"line":27,"column":17},"end":{"line":27,"column":null}},"4":{"start":{"line":28,"column":18},"end":{"line":28,"column":null}},"5":{"start":{"line":29,"column":2},"end":{"line":29,"column":null}},"6":{"start":{"line":30,"column":2},"end":{"line":30,"column":null}},"7":{"start":{"line":39,"column":2},"end":{"line":53,"column":null}},"8":{"start":{"line":40,"column":31},"end":{"line":40,"column":null}},"9":{"start":{"line":41,"column":4},"end":{"line":43,"column":null}},"10":{"start":{"line":42,"column":6},"end":{"line":42,"column":null}},"11":{"start":{"line":44,"column":15},"end":{"line":44,"column":null}},"12":{"start":{"line":45,"column":21},"end":{"line":45,"column":null}},"13":{"start":{"line":46,"column":20},"end":{"line":46,"column":null}},"14":{"start":{"line":47,"column":4},"end":{"line":47,"column":null}},"15":{"start":{"line":48,"column":4},"end":{"line":48,"column":null}},"16":{"start":{"line":52,"column":4},"end":{"line":52,"column":null}},"17":{"start":{"line":60,"column":2},"end":{"line":60,"column":null}},"18":{"start":{"line":60,"column":13},"end":{"line":60,"column":null}},"19":{"start":{"line":61,"column":16},"end":{"line":61,"column":null}},"20":{"start":{"line":63,"column":2},"end":{"line":63,"column":null}},"21":{"start":{"line":70,"column":15},"end":{"line":87,"column":null}},"22":{"start":{"line":94,"column":23},"end":{"line":94,"column":null}},"23":{"start":{"line":95,"column":2},"end":{"line":95,"column":null}},"24":{"start":{"line":95,"column":21},"end":{"line":95,"column":null}},"25":{"start":{"line":98,"column":2},"end":{"line":100,"column":null}},"26":{"start":{"line":99,"column":4},"end":{"line":99,"column":null}},"27":{"start":{"line":103,"column":23},"end":{"line":105,"column":null}},"28":{"start":{"line":107,"column":24},"end":{"line":109,"column":null}},"29":{"start":{"line":111,"column":2},"end":{"line":115,"column":null}},"30":{"start":{"line":120,"column":26},"end":{"line":124,"column":null}},"31":{"start":{"line":125,"column":2},"end":{"line":125,"column":null}},"32":{"start":{"line":129,"column":2},"end":{"line":129,"column":null}},"33":{"start":{"line":137,"column":2},"end":{"line":137,"column":null}},"34":{"start":{"line":141,"column":2},"end":{"line":141,"column":null}},"35":{"start":{"line":157,"column":23},"end":{"line":157,"column":null}},"36":{"start":{"line":159,"column":2},"end":{"line":167,"column":null}},"37":{"start":{"line":160,"column":4},"end":{"line":166,"column":null}},"38":{"start":{"line":169,"column":2},"end":{"line":173,"column":null}},"39":{"start":{"line":184,"column":2},"end":{"line":184,"column":null}},"40":{"start":{"line":185,"column":2},"end":{"line":187,"column":null}},"41":{"start":{"line":186,"column":4},"end":{"line":186,"column":null}},"42":{"start":{"line":195,"column":2},"end":{"line":195,"column":null}},"43":{"start":{"line":199,"column":17},"end":{"line":199,"column":null}},"44":{"start":{"line":200,"column":2},"end":{"line":200,"column":null}},"45":{"start":{"line":204,"column":17},"end":{"line":204,"column":null}},"46":{"start":{"line":205,"column":2},"end":{"line":205,"column":null}},"47":{"start":{"line":205,"column":27},"end":{"line":205,"column":null}},"48":{"start":{"line":206,"column":2},"end":{"line":206,"column":null}}},"fnMap":{"0":{"name":"getEncryptionKey","decl":{"start":{"line":15,"column":9},"end":{"line":15,"column":36}},"loc":{"start":{"line":15,"column":36},"end":{"line":18,"column":null}},"line":15},"1":{"name":"encrypt","decl":{"start":{"line":25,"column":9},"end":{"line":25,"column":17}},"loc":{"start":{"line":25,"column":39},"end":{"line":31,"column":null}},"line":25},"2":{"name":"decrypt","decl":{"start":{"line":38,"column":9},"end":{"line":38,"column":17}},"loc":{"start":{"line":38,"column":39},"end":{"line":54,"column":null}},"line":38},"3":{"name":"isEncrypted","decl":{"start":{"line":59,"column":9},"end":{"line":59,"column":21}},"loc":{"start":{"line":59,"column":44},"end":{"line":64,"column":null}},"line":59},"4":{"name":"getTokens","decl":{"start":{"line":93,"column":16},"end":{"line":93,"column":56}},"loc":{"start":{"line":93,"column":56},"end":{"line":116,"column":null}},"line":93},"5":{"name":"setTokens","decl":{"start":{"line":118,"column":16},"end":{"line":118,"column":26}},"loc":{"start":{"line":118,"column":56},"end":{"line":126,"column":null}},"line":118},"6":{"name":"clearTokens","decl":{"start":{"line":128,"column":16},"end":{"line":128,"column":36}},"loc":{"start":{"line":128,"column":36},"end":{"line":130,"column":null}},"line":128},"7":{"name":"getCurrentAccountId","decl":{"start":{"line":136,"column":16},"end":{"line":136,"column":58}},"loc":{"start":{"line":136,"column":58},"end":{"line":138,"column":null}},"line":136},"8":{"name":"setCurrentAccountId","decl":{"start":{"line":140,"column":16},"end":{"line":140,"column":36}},"loc":{"start":{"line":140,"column":61},"end":{"line":142,"column":null}},"line":140},"9":{"name":"getClientCredentials","decl":{"start":{"line":156,"column":16},"end":{"line":156,"column":107}},"loc":{"start":{"line":156,"column":107},"end":{"line":174,"column":null}},"line":156},"10":{"name":"setClientConfig","decl":{"start":{"line":183,"column":16},"end":{"line":183,"column":32}},"loc":{"start":{"line":183,"column":78},"end":{"line":188,"column":null}},"line":183},"11":{"name":"clearAll","decl":{"start":{"line":194,"column":16},"end":{"line":194,"column":33}},"loc":{"start":{"line":194,"column":33},"end":{"line":196,"column":null}},"line":194},"12":{"name":"isAuthenticated","decl":{"start":{"line":198,"column":16},"end":{"line":198,"column":43}},"loc":{"start":{"line":198,"column":43},"end":{"line":201,"column":null}},"line":198},"13":{"name":"isTokenExpired","decl":{"start":{"line":203,"column":16},"end":{"line":203,"column":42}},"loc":{"start":{"line":203,"column":42},"end":{"line":207,"column":null}},"line":203}},"branchMap":{"0":{"loc":{"start":{"line":41,"column":4},"end":{"line":43,"column":null}},"type":"if","locations":[{"start":{"line":41,"column":4},"end":{"line":43,"column":null}},{"start":{},"end":{}}],"line":41},"1":{"loc":{"start":{"line":41,"column":8},"end":{"line":41,"column":30}},"type":"binary-expr","locations":[{"start":{"line":41,"column":8},"end":{"line":41,"column":18}},{"start":{"line":41,"column":18},"end":{"line":41,"column":30}}],"line":41},"2":{"loc":{"start":{"line":60,"column":2},"end":{"line":60,"column":null}},"type":"if","locations":[{"start":{"line":60,"column":2},"end":{"line":60,"column":null}},{"start":{},"end":{}}],"line":60},"3":{"loc":{"start":{"line":63,"column":9},"end":{"line":63,"column":null}},"type":"binary-expr","locations":[{"start":{"line":63,"column":9},"end":{"line":63,"column":31}},{"start":{"line":63,"column":31},"end":{"line":63,"column":57}},{"start":{"line":63,"column":57},"end":{"line":63,"column":null}}],"line":63},"4":{"loc":{"start":{"line":95,"column":2},"end":{"line":95,"column":null}},"type":"if","locations":[{"start":{"line":95,"column":2},"end":{"line":95,"column":null}},{"start":{},"end":{}}],"line":95},"5":{"loc":{"start":{"line":98,"column":2},"end":{"line":100,"column":null}},"type":"if","locations":[{"start":{"line":98,"column":2},"end":{"line":100,"column":null}},{"start":{},"end":{}}],"line":98},"6":{"loc":{"start":{"line":98,"column":6},"end":{"line":98,"column":65}},"type":"binary-expr","locations":[{"start":{"line":98,"column":6},"end":{"line":98,"column":36}},{"start":{"line":98,"column":36},"end":{"line":98,"column":65}}],"line":98},"7":{"loc":{"start":{"line":103,"column":23},"end":{"line":105,"column":null}},"type":"cond-expr","locations":[{"start":{"line":104,"column":6},"end":{"line":104,"column":null}},{"start":{"line":105,"column":6},"end":{"line":105,"column":null}}],"line":103},"8":{"loc":{"start":{"line":107,"column":24},"end":{"line":109,"column":null}},"type":"cond-expr","locations":[{"start":{"line":108,"column":6},"end":{"line":108,"column":null}},{"start":{"line":109,"column":6},"end":{"line":109,"column":null}}],"line":107},"9":{"loc":{"start":{"line":121,"column":18},"end":{"line":121,"column":null}},"type":"cond-expr","locations":[{"start":{"line":121,"column":40},"end":{"line":121,"column":71}},{"start":{"line":121,"column":71},"end":{"line":121,"column":null}}],"line":121},"10":{"loc":{"start":{"line":122,"column":19},"end":{"line":122,"column":null}},"type":"cond-expr","locations":[{"start":{"line":122,"column":42},"end":{"line":122,"column":74}},{"start":{"line":122,"column":74},"end":{"line":122,"column":null}}],"line":122},"11":{"loc":{"start":{"line":159,"column":2},"end":{"line":167,"column":null}},"type":"if","locations":[{"start":{"line":159,"column":2},"end":{"line":167,"column":null}},{"start":{},"end":{}}],"line":159},"12":{"loc":{"start":{"line":170,"column":14},"end":{"line":170,"column":null}},"type":"binary-expr","locations":[{"start":{"line":170,"column":14},"end":{"line":170,"column":40}},{"start":{"line":170,"column":40},"end":{"line":170,"column":null}}],"line":170},"13":{"loc":{"start":{"line":172,"column":17},"end":{"line":172,"column":null}},"type":"binary-expr","locations":[{"start":{"line":172,"column":17},"end":{"line":172,"column":46}},{"start":{"line":172,"column":46},"end":{"line":172,"column":83}},{"start":{"line":172,"column":83},"end":{"line":172,"column":null}}],"line":172},"14":{"loc":{"start":{"line":185,"column":2},"end":{"line":187,"column":null}},"type":"if","locations":[{"start":{"line":185,"column":2},"end":{"line":187,"column":null}},{"start":{},"end":{}}],"line":185},"15":{"loc":{"start":{"line":205,"column":2},"end":{"line":205,"column":null}},"type":"if","locations":[{"start":{"line":205,"column":2},"end":{"line":205,"column":null}},{"start":{},"end":{}}],"line":205}},"s":{"0":36,"1":36,"2":18,"3":18,"4":18,"5":18,"6":18,"7":18,"8":18,"9":18,"10":0,"11":18,"12":18,"13":18,"14":18,"15":18,"16":0,"17":18,"18":0,"19":18,"20":18,"21":1,"22":12,"23":12,"24":3,"25":9,"26":0,"27":9,"28":12,"29":12,"30":9,"31":9,"32":3,"33":3,"34":3,"35":5,"36":5,"37":1,"38":4,"39":2,"40":2,"41":2,"42":0,"43":2,"44":2,"45":4,"46":4,"47":1,"48":3},"f":{"0":36,"1":18,"2":18,"3":18,"4":12,"5":9,"6":3,"7":3,"8":3,"9":5,"10":2,"11":0,"12":2,"13":4},"b":{"0":[0,18],"1":[18,18],"2":[0,18],"3":[18,18,18],"4":[3,9],"5":[0,9],"6":[9,9],"7":[9,0],"8":[9,0],"9":[9,0],"10":[9,0],"11":[1,4],"12":[4,0],"13":[5,0,0],"14":[2,0],"15":[1,3]},"meta":{"lastBranch":16,"lastFunction":14,"lastStatement":49,"seen":{"f:15:9:15:36":0,"s:16:20:16:Infinity":0,"s:17:2:17:Infinity":1,"f:25:9:25:17":1,"s:26:13:26:Infinity":2,"s:27:17:27:Infinity":3,"s:28:18:28:Infinity":4,"s:29:2:29:Infinity":5,"s:30:2:30:Infinity":6,"f:38:9:38:17":2,"s:39:2:53:Infinity":7,"s:40:31:40:Infinity":8,"b:41:4:43:Infinity:undefined:undefined:undefined:undefined":0,"s:41:4:43:Infinity":9,"b:41:8:41:18:41:18:41:30":1,"s:42:6:42:Infinity":10,"s:44:15:44:Infinity":11,"s:45:21:45:Infinity":12,"s:46:20:46:Infinity":13,"s:47:4:47:Infinity":14,"s:48:4:48:Infinity":15,"s:52:4:52:Infinity":16,"f:59:9:59:21":3,"b:60:2:60:Infinity:undefined:undefined:undefined:undefined":2,"s:60:2:60:Infinity":17,"s:60:13:60:Infinity":18,"s:61:16:61:Infinity":19,"s:63:2:63:Infinity":20,"b:63:9:63:31:63:31:63:57:63:57:63:Infinity":3,"s:70:15:87:Infinity":21,"f:93:16:93:56":4,"s:94:23:94:Infinity":22,"b:95:2:95:Infinity:undefined:undefined:undefined:undefined":4,"s:95:2:95:Infinity":23,"s:95:21:95:Infinity":24,"b:98:2:100:Infinity:undefined:undefined:undefined:undefined":5,"s:98:2:100:Infinity":25,"b:98:6:98:36:98:36:98:65":6,"s:99:4:99:Infinity":26,"s:103:23:105:Infinity":27,"b:104:6:104:Infinity:105:6:105:Infinity":7,"s:107:24:109:Infinity":28,"b:108:6:108:Infinity:109:6:109:Infinity":8,"s:111:2:115:Infinity":29,"f:118:16:118:26":5,"s:120:26:124:Infinity":30,"b:121:40:121:71:121:71:121:Infinity":9,"b:122:42:122:74:122:74:122:Infinity":10,"s:125:2:125:Infinity":31,"f:128:16:128:36":6,"s:129:2:129:Infinity":32,"f:136:16:136:58":7,"s:137:2:137:Infinity":33,"f:140:16:140:36":8,"s:141:2:141:Infinity":34,"f:156:16:156:107":9,"s:157:23:157:Infinity":35,"b:159:2:167:Infinity:undefined:undefined:undefined:undefined":11,"s:159:2:167:Infinity":36,"s:160:4:166:Infinity":37,"s:169:2:173:Infinity":38,"b:170:14:170:40:170:40:170:Infinity":12,"b:172:17:172:46:172:46:172:83:172:83:172:Infinity":13,"f:183:16:183:32":10,"s:184:2:184:Infinity":39,"b:185:2:187:Infinity:undefined:undefined:undefined:undefined":14,"s:185:2:187:Infinity":40,"s:186:4:186:Infinity":41,"f:194:16:194:33":11,"s:195:2:195:Infinity":42,"f:198:16:198:43":12,"s:199:17:199:Infinity":43,"s:200:2:200:Infinity":44,"f:203:16:203:42":13,"s:204:17:204:Infinity":45,"b:205:2:205:Infinity:undefined:undefined:undefined:undefined":15,"s:205:2:205:Infinity":46,"s:205:27:205:Infinity":47,"s:206:2:206:Infinity":48}}}
}
